# JRE version: Java(TM) SE Runtime Environment (8.0_181-b13) (build 1.8.0_181-b13)
# Java VM: Java HotSpot(TM) 64-Bit Server VM (25.181-b13 mixed mode linux-amd64 compressed oops)
Heap:
 PSYoungGen      total 420352K, used 190635K [0x000000076df80000, 0x000000078b880000, 0x00000007c0000000)
  eden space 391168K, 43% used [0x000000076df80000,0x000000077875c1d8,0x0000000785d80000)
  from space 29184K, 64% used [0x0000000789c00000,0x000000078ae4ed00,0x000000078b880000)
  to   space 46592K, 0% used [0x0000000785d80000,0x0000000785d80000,0x0000000788b00000)
 ParOldGen       total 497664K, used 232563K [0x00000006c9e00000, 0x00000006e8400000, 0x000000076df80000)
  object space 497664K, 46% used [0x00000006c9e00000,0x00000006d811cc10,0x00000006e8400000)
 Metaspace       used 117501K, capacity 124626K, committed 124928K, reserved 1159168K
  class space    used 14467K, capacity 15803K, committed 15872K, reserved 1048576K
GC Heap History (10 events):
Event: 3764.544 GC heap before
{Heap before GC invocations=35 (full 5):
 PSYoungGen      total 492544K, used 492431K [0x000000076df80000, 0x0000000790480000, 0x00000007c0000000)
  eden space 459776K, 100% used [0x000000076df80000,0x000000078a080000,0x000000078a080000)
  from space 32768K, 99% used [0x000000078c300000,0x000000078e2e3c00,0x000000078e300000)
  to   space 34304K, 0% used [0x000000078e300000,0x000000078e300000,0x0000000790480000)
 ParOldGen       total 497664K, used 218270K [0x00000006c9e00000, 0x00000006e8400000, 0x000000076df80000)
  object space 497664K, 43% used [0x00000006c9e00000,0x00000006d7327890,0x00000006e8400000)
 Metaspace       used 117468K, capacity 124554K, committed 124672K, reserved 1159168K
  class space    used 14460K, capacity 15790K, committed 15872K, reserved 1048576K
Event: 3764.580 GC heap after
Heap after GC invocations=35 (full 5):
 PSYoungGen      total 477696K, used 32655K [0x000000076df80000, 0x0000000790300000, 0x00000007c0000000)
  eden space 444928K, 0% used [0x000000076df80000,0x000000076df80000,0x0000000789200000)
  from space 32768K, 99% used [0x000000078e300000,0x00000007902e3c00,0x0000000790300000)
  to   space 47616K, 0% used [0x000000078a600000,0x000000078a600000,0x000000078d480000)
 ParOldGen       total 497664K, used 218270K [0x00000006c9e00000, 0x00000006e8400000, 0x000000076df80000)
  object space 497664K, 43% used [0x00000006c9e00000,0x00000006d7327890,0x00000006e8400000)
 Metaspace       used 117468K, capacity 124554K, committed 124672K, reserved 1159168K
  class space    used 14460K, capacity 15790K, committed 15872K, reserved 1048576K
}
Event: 3943.363 GC heap before
{Heap before GC invocations=36 (full 5):
 PSYoungGen      total 477696K, used 477583K [0x000000076df80000, 0x0000000790300000, 0x00000007c0000000)
  eden space 444928K, 100% used [0x000000076df80000,0x0000000789200000,0x0000000789200000)
  from space 32768K, 99% used [0x000000078e300000,0x00000007902e3c00,0x0000000790300000)
  to   space 47616K, 0% used [0x000000078a600000,0x000000078a600000,0x000000078d480000)
 ParOldGen       total 497664K, used 218270K [0x00000006c9e00000, 0x00000006e8400000, 0x000000076df80000)
  object space 497664K, 43% used [0x00000006c9e00000,0x00000006d7327890,0x00000006e8400000)
 Metaspace       used 117468K, capacity 124554K, committed 124672K, reserved 1159168K
  class space    used 14460K, capacity 15790K, committed 15872K, reserved 1048576K
Event: 3943.399 GC heap after
Heap after GC invocations=36 (full 5):
 PSYoungGen      total 463360K, used 32735K [0x000000076df80000, 0x000000078e380000, 0x00000007c0000000)
  eden space 430592K, 0% used [0x000000076df80000,0x000000076df80000,0x0000000788400000)
  from space 32768K, 99% used [0x000000078a600000,0x000000078c5f7c10,0x000000078c600000)
  to   space 30208K, 0% used [0x000000078c600000,0x000000078c600000,0x000000078e380000)
 ParOldGen       total 497664K, used 218270K [0x00000006c9e00000, 0x00000006e8400000, 0x000000076df80000)
  object space 497664K, 43% used [0x00000006c9e00000,0x00000006d7327890,0x00000006e8400000)
 Metaspace       used 117468K, capacity 124554K, committed 124672K, reserved 1159168K
  class space    used 14460K, capacity 15790K, committed 15872K, reserved 1048576K
}
Event: 4116.350 GC heap before
{Heap before GC invocations=37 (full 5):
 PSYoungGen      total 463360K, used 463327K [0x000000076df80000, 0x000000078e380000, 0x00000007c0000000)
  eden space 430592K, 100% used [0x000000076df80000,0x0000000788400000,0x0000000788400000)
  from space 32768K, 99% used [0x000000078a600000,0x000000078c5f7c10,0x000000078c600000)
  to   space 30208K, 0% used [0x000000078c600000,0x000000078c600000,0x000000078e380000)
 ParOldGen       total 497664K, used 218270K [0x00000006c9e00000, 0x00000006e8400000, 0x000000076df80000)
  object space 497664K, 43% used [0x00000006c9e00000,0x00000006d7327890,0x00000006e8400000)
 Metaspace       used 117471K, capacity 124554K, committed 124672K, reserved 1159168K
  class space    used 14460K, capacity 15790K, committed 15872K, reserved 1048576K
Event: 4116.404 GC heap after
Heap after GC invocations=37 (full 5):
 PSYoungGen      total 446976K, used 30191K [0x000000076df80000, 0x000000078e380000, 0x00000007c0000000)
  eden space 416768K, 0% used [0x000000076df80000,0x000000076df80000,0x0000000787680000)
  from space 30208K, 99% used [0x000000078c600000,0x000000078e37bc00,0x000000078e380000)
  to   space 46080K, 0% used [0x0000000788980000,0x0000000788980000,0x000000078b680000)
 ParOldGen       total 497664K, used 220910K [0x00000006c9e00000, 0x00000006e8400000, 0x000000076df80000)
  object space 497664K, 44% used [0x00000006c9e00000,0x00000006d75bb8b0,0x00000006e8400000)
 Metaspace       used 117471K, capacity 124554K, committed 124672K, reserved 1159168K
  class space    used 14460K, capacity 15790K, committed 15872K, reserved 1048576K
}
Event: 4284.830 GC heap before
{Heap before GC invocations=38 (full 5):
 PSYoungGen      total 446976K, used 446959K [0x000000076df80000, 0x000000078e380000, 0x00000007c0000000)
  eden space 416768K, 100% used [0x000000076df80000,0x0000000787680000,0x0000000787680000)
  from space 30208K, 99% used [0x000000078c600000,0x000000078e37bc00,0x000000078e380000)
  to   space 46080K, 0% used [0x0000000788980000,0x0000000788980000,0x000000078b680000)
 ParOldGen       total 497664K, used 220910K [0x00000006c9e00000, 0x00000006e8400000, 0x000000076df80000)
  object space 497664K, 44% used [0x00000006c9e00000,0x00000006d75bb8b0,0x00000006e8400000)
 Metaspace       used 117471K, capacity 124554K, committed 124672K, reserved 1159168K
  class space    used 14460K, capacity 15790K, committed 15872K, reserved 1048576K
Event: 4284.945 GC heap after
Heap after GC invocations=38 (full 5):
 PSYoungGen      total 422400K, used 18891K [0x000000076df80000, 0x000000078c680000, 0x00000007c0000000)
  eden space 403456K, 0% used [0x000000076df80000,0x000000076df80000,0x0000000786980000)
  from space 18944K, 99% used [0x0000000788980000,0x0000000789bf2d10,0x0000000789c00000)
  to   space 43520K, 0% used [0x0000000789c00000,0x0000000789c00000,0x000000078c680000)
 ParOldGen       total 497664K, used 232563K [0x00000006c9e00000, 0x00000006e8400000, 0x000000076df80000)
  object space 497664K, 46% used [0x00000006c9e00000,0x00000006d811cc10,0x00000006e8400000)
 Metaspace       used 117471K, capacity 124554K, committed 124672K, reserved 1159168K
  class space    used 14460K, capacity 15790K, committed 15872K, reserved 1048576K
}
Event: 4448.782 GC heap before
{Heap before GC invocations=39 (full 5):
 PSYoungGen      total 422400K, used 422347K [0x000000076df80000, 0x000000078c680000, 0x00000007c0000000)
  eden space 403456K, 100% used [0x000000076df80000,0x0000000786980000,0x0000000786980000)
  from space 18944K, 99% used [0x0000000788980000,0x0000000789bf2d10,0x0000000789c00000)
  to   space 43520K, 0% used [0x0000000789c00000,0x0000000789c00000,0x000000078c680000)
 ParOldGen       total 497664K, used 232563K [0x00000006c9e00000, 0x00000006e8400000, 0x000000076df80000)
  object space 497664K, 46% used [0x00000006c9e00000,0x00000006d811cc10,0x00000006e8400000)
 Metaspace       used 117471K, capacity 124554K, committed 124672K, reserved 1159168K
  class space    used 14460K, capacity 15790K, committed 15872K, reserved 1048576K
Event: 4448.832 GC heap after
Heap after GC invocations=39 (full 5):
 PSYoungGen      total 420352K, used 18747K [0x000000076df80000, 0x000000078b880000, 0x00000007c0000000)
  eden space 391168K, 0% used [0x000000076df80000,0x000000076df80000,0x0000000785d80000)
  from space 29184K, 64% used [0x0000000789c00000,0x000000078ae4ed00,0x000000078b880000)
  to   space 46592K, 0% used [0x0000000785d80000,0x0000000785d80000,0x0000000788b00000)
 ParOldGen       total 497664K, used 232563K [0x00000006c9e00000, 0x00000006e8400000, 0x000000076df80000)
  object space 497664K, 46% used [0x00000006c9e00000,0x00000006d811cc10,0x00000006e8400000)
 Metaspace       used 117471K, capacity 124554K, committed 124672K, reserved 1159168K
  class space    used 14460K, capacity 15790K, committed 15872K, reserved 1048576K
}

