# JRE version: Java(TM) SE Runtime Environment (8.0_181-b13) (build 1.8.0_181-b13)
# Java VM: Java HotSpot(TM) 64-Bit Server VM (25.181-b13 mixed mode linux-amd64 compressed oops)
Heap:
 PSYoungGen      total 733696K, used 16493K [0x000000076df80000, 0x000000079fd00000, 0x00000007c0000000)
  eden space 650752K, 2% used [0x000000076df80000,0x000000076ef9b698,0x0000000795b00000)
  from space 82944K, 0% used [0x0000000795b00000,0x0000000795b00000,0x000000079ac00000)
  to   space 82944K, 0% used [0x000000079ac00000,0x000000079ac00000,0x000000079fd00000)
 ParOldGen       total 492544K, used 220256K [0x00000006c9e00000, 0x00000006e7f00000, 0x000000076df80000)
  object space 492544K, 44% used [0x00000006c9e00000,0x00000006d7518088,0x00000006e7f00000)
 Metaspace       used 110680K, capacity 116206K, committed 116224K, reserved 1150976K
  class space    used 13757K, capacity 14845K, committed 14848K, reserved 1048576K
GC Heap History (10 events):
Event: 24.984 GC heap before
{Heap before GC invocations=18 (full 4):
 PSYoungGen      total 630272K, used 3264K [0x000000076df80000, 0x000000079ae80000, 0x00000007c0000000)
  eden space 545280K, 0% used [0x000000076df80000,0x000000076df80000,0x000000078f400000)
  from space 84992K, 3% used [0x0000000794600000,0x0000000794930010,0x0000000799900000)
  to   space 83968K, 0% used [0x000000078f400000,0x000000078f400000,0x0000000794600000)
 ParOldGen       total 228352K, used 208746K [0x00000006c9e00000, 0x00000006d7d00000, 0x000000076df80000)
  object space 228352K, 91% used [0x00000006c9e00000,0x00000006d69da960,0x00000006d7d00000)
 Metaspace       used 93879K, capacity 98172K, committed 98304K, reserved 1134592K
  class space    used 12076K, capacity 12984K, committed 13056K, reserved 1048576K
Event: 25.522 GC heap after
Heap after GC invocations=18 (full 4):
 PSYoungGen      total 630272K, used 0K [0x000000076df80000, 0x000000079ae80000, 0x00000007c0000000)
  eden space 545280K, 0% used [0x000000076df80000,0x000000076df80000,0x000000078f400000)
  from space 84992K, 0% used [0x0000000794600000,0x0000000794600000,0x0000000799900000)
  to   space 83968K, 0% used [0x000000078f400000,0x000000078f400000,0x0000000794600000)
 ParOldGen       total 492544K, used 198693K [0x00000006c9e00000, 0x00000006e7f00000, 0x000000076df80000)
  object space 492544K, 40% used [0x00000006c9e00000,0x00000006d6009740,0x00000006e7f00000)
 Metaspace       used 93875K, capacity 98166K, committed 98304K, reserved 1134592K
  class space    used 12076K, capacity 12983K, committed 13056K, reserved 1048576K
}
Event: 30.667 GC heap before
{Heap before GC invocations=19 (full 4):
 PSYoungGen      total 630272K, used 545280K [0x000000076df80000, 0x000000079ae80000, 0x00000007c0000000)
  eden space 545280K, 100% used [0x000000076df80000,0x000000078f400000,0x000000078f400000)
  from space 84992K, 0% used [0x0000000794600000,0x0000000794600000,0x0000000799900000)
  to   space 83968K, 0% used [0x000000078f400000,0x000000078f400000,0x0000000794600000)
 ParOldGen       total 492544K, used 198693K [0x00000006c9e00000, 0x00000006e7f00000, 0x000000076df80000)
  object space 492544K, 40% used [0x00000006c9e00000,0x00000006d6009740,0x00000006e7f00000)
 Metaspace       used 100896K, capacity 105574K, committed 105728K, reserved 1140736K
  class space    used 13048K, capacity 14023K, committed 14080K, reserved 1048576K
Event: 30.706 GC heap after
Heap after GC invocations=19 (full 4):
 PSYoungGen      total 629248K, used 35945K [0x000000076df80000, 0x00000007a0f00000, 0x00000007c0000000)
  eden space 545280K, 0% used [0x000000076df80000,0x000000076df80000,0x000000078f400000)
  from space 83968K, 42% used [0x000000078f400000,0x000000079171a648,0x0000000794600000)
  to   space 81408K, 0% used [0x000000079bf80000,0x000000079bf80000,0x00000007a0f00000)
 ParOldGen       total 492544K, used 198701K [0x00000006c9e00000, 0x00000006e7f00000, 0x000000076df80000)
  object space 492544K, 40% used [0x00000006c9e00000,0x00000006d600b740,0x00000006e7f00000)
 Metaspace       used 100896K, capacity 105574K, committed 105728K, reserved 1140736K
  class space    used 13048K, capacity 14023K, committed 14080K, reserved 1048576K
}
Event: 574.644 GC heap before
{Heap before GC invocations=20 (full 4):
 PSYoungGen      total 629248K, used 581225K [0x000000076df80000, 0x00000007a0f00000, 0x00000007c0000000)
  eden space 545280K, 100% used [0x000000076df80000,0x000000078f400000,0x000000078f400000)
  from space 83968K, 42% used [0x000000078f400000,0x000000079171a648,0x0000000794600000)
  to   space 81408K, 0% used [0x000000079bf80000,0x000000079bf80000,0x00000007a0f00000)
 ParOldGen       total 492544K, used 198701K [0x00000006c9e00000, 0x00000006e7f00000, 0x000000076df80000)
  object space 492544K, 40% used [0x00000006c9e00000,0x00000006d600b740,0x00000006e7f00000)
 Metaspace       used 108170K, capacity 113466K, committed 113792K, reserved 1148928K
  class space    used 13613K, capacity 14641K, committed 14720K, reserved 1048576K
Event: 574.695 GC heap after
Heap after GC invocations=20 (full 4):
 PSYoungGen      total 713728K, used 46321K [0x000000076df80000, 0x000000079fd00000, 0x00000007c0000000)
  eden space 650752K, 0% used [0x000000076df80000,0x000000076df80000,0x0000000795b00000)
  from space 62976K, 73% used [0x000000079bf80000,0x000000079ecbc548,0x000000079fd00000)
  to   space 82944K, 0% used [0x0000000795b00000,0x0000000795b00000,0x000000079ac00000)
 ParOldGen       total 492544K, used 198709K [0x00000006c9e00000, 0x00000006e7f00000, 0x000000076df80000)
  object space 492544K, 40% used [0x00000006c9e00000,0x00000006d600d740,0x00000006e7f00000)
 Metaspace       used 108170K, capacity 113466K, committed 113792K, reserved 1148928K
  class space    used 13613K, capacity 14641K, committed 14720K, reserved 1048576K
}
Event: 1096.659 GC heap before
{Heap before GC invocations=21 (full 4):
 PSYoungGen      total 713728K, used 592477K [0x000000076df80000, 0x000000079fd00000, 0x00000007c0000000)
  eden space 650752K, 83% used [0x000000076df80000,0x000000078f4daf60,0x0000000795b00000)
  from space 62976K, 73% used [0x000000079bf80000,0x000000079ecbc548,0x000000079fd00000)
  to   space 82944K, 0% used [0x0000000795b00000,0x0000000795b00000,0x000000079ac00000)
 ParOldGen       total 492544K, used 198709K [0x00000006c9e00000, 0x00000006e7f00000, 0x000000076df80000)
  object space 492544K, 40% used [0x00000006c9e00000,0x00000006d600d740,0x00000006e7f00000)
 Metaspace       used 110661K, capacity 116200K, committed 116224K, reserved 1150976K
  class space    used 13756K, capacity 14843K, committed 14848K, reserved 1048576K
Event: 1096.776 GC heap after
Heap after GC invocations=21 (full 4):
 PSYoungGen      total 733696K, used 44909K [0x000000076df80000, 0x000000079fd00000, 0x00000007c0000000)
  eden space 650752K, 0% used [0x000000076df80000,0x000000076df80000,0x0000000795b00000)
  from space 82944K, 54% used [0x0000000795b00000,0x00000007986db6a0,0x000000079ac00000)
  to   space 82944K, 0% used [0x000000079ac00000,0x000000079ac00000,0x000000079fd00000)
 ParOldGen       total 492544K, used 198717K [0x00000006c9e00000, 0x00000006e7f00000, 0x000000076df80000)
  object space 492544K, 40% used [0x00000006c9e00000,0x00000006d600f740,0x00000006e7f00000)
 Metaspace       used 110661K, capacity 116200K, committed 116224K, reserved 1150976K
  class space    used 13756K, capacity 14843K, committed 14848K, reserved 1048576K
}
Event: 1096.776 GC heap before
{Heap before GC invocations=22 (full 5):
 PSYoungGen      total 733696K, used 44909K [0x000000076df80000, 0x000000079fd00000, 0x00000007c0000000)
  eden space 650752K, 0% used [0x000000076df80000,0x000000076df80000,0x0000000795b00000)
  from space 82944K, 54% used [0x0000000795b00000,0x00000007986db6a0,0x000000079ac00000)
  to   space 82944K, 0% used [0x000000079ac00000,0x000000079ac00000,0x000000079fd00000)
 ParOldGen       total 492544K, used 198717K [0x00000006c9e00000, 0x00000006e7f00000, 0x000000076df80000)
  object space 492544K, 40% used [0x00000006c9e00000,0x00000006d600f740,0x00000006e7f00000)
 Metaspace       used 110661K, capacity 116200K, committed 116224K, reserved 1150976K
  class space    used 13756K, capacity 14843K, committed 14848K, reserved 1048576K
Event: 1097.647 GC heap after
Heap after GC invocations=22 (full 5):
 PSYoungGen      total 733696K, used 0K [0x000000076df80000, 0x000000079fd00000, 0x00000007c0000000)
  eden space 650752K, 0% used [0x000000076df80000,0x000000076df80000,0x0000000795b00000)
  from space 82944K, 0% used [0x0000000795b00000,0x0000000795b00000,0x000000079ac00000)
  to   space 82944K, 0% used [0x000000079ac00000,0x000000079ac00000,0x000000079fd00000)
 ParOldGen       total 492544K, used 220256K [0x00000006c9e00000, 0x00000006e7f00000, 0x000000076df80000)
  object space 492544K, 44% used [0x00000006c9e00000,0x00000006d7518088,0x00000006e7f00000)
 Metaspace       used 110661K, capacity 116200K, committed 116224K, reserved 1150976K
  class space    used 13756K, capacity 14843K, committed 14848K, reserved 1048576K
}

